<!DOCTYPE html>

<html>
  <head>
  <meta charset='utf-8'>
  <title>TestNG reports</title>

    <link type="text/css" href="testng-reports.css" rel="stylesheet" />
    <script type="text/javascript" src="jquery-3.4.1.min.js"></script>
    <script type="text/javascript" src="testng-reports.js"></script>
    <script type="text/javascript" src="https://www.google.com/jsapi"></script>
    <script type='text/javascript'>
      google.load('visualization', '1', {packages:['table']});
      google.setOnLoadCallback(drawTable);
      var suiteTableInitFunctions = new Array();
      var suiteTableData = new Array();
    </script>
    <!--
      <script type="text/javascript" src="jquery-ui/js/jquery-ui-1.8.16.custom.min.js"></script>
     -->
  </head>

  <body>
    <div class="top-banner-root">
      <span class="top-banner-title-font">Test results</span>
      <br/>
      <span class="top-banner-font-1">1 suite, 7 failed tests</span>
    </div> <!-- top-banner-root -->
    <div class="navigator-root">
      <div class="navigator-suite-header">
        <span>All suites</span>
        <a href="#" title="Collapse/expand all the suites" class="collapse-all-link">
          <img src="collapseall.gif" class="collapse-all-icon">
          </img> <!-- collapse-all-icon -->
        </a> <!-- collapse-all-link -->
      </div> <!-- navigator-suite-header -->
      <div class="suite">
        <div class="rounded-window">
          <div class="suite-header light-rounded-window-top">
            <a href="#" panel-name="suite-ParallelTestSuite" class="navigator-link">
              <span class="suite-name border-failed">ParallelTestSuite</span>
            </a> <!-- navigator-link -->
          </div> <!-- suite-header light-rounded-window-top -->
          <div class="navigator-suite-content">
            <div class="suite-section-title">
              <span>Info</span>
            </div> <!-- suite-section-title -->
            <div class="suite-section-content">
              <ul>
                <li>
                  <a href="#" panel-name="test-xml-ParallelTestSuite" class="navigator-link ">
                    <span>D:\Testing\team4-expedia-capstone-project\testng.xml</span>
                  </a> <!-- navigator-link  -->
                </li>
                <li>
                  <a href="#" panel-name="testlist-ParallelTestSuite" class="navigator-link ">
                    <span class="test-stats">5 tests</span>
                  </a> <!-- navigator-link  -->
                </li>
                <li>
                  <a href="#" panel-name="group-ParallelTestSuite" class="navigator-link ">
                    <span>1 group</span>
                  </a> <!-- navigator-link  -->
                </li>
                <li>
                  <a href="#" panel-name="times-ParallelTestSuite" class="navigator-link ">
                    <span>Times</span>
                  </a> <!-- navigator-link  -->
                </li>
                <li>
                  <a href="#" panel-name="reporter-ParallelTestSuite" class="navigator-link ">
                    <span>Reporter output</span>
                  </a> <!-- navigator-link  -->
                </li>
                <li>
                  <a href="#" panel-name="ignored-methods-ParallelTestSuite" class="navigator-link ">
                    <span>Ignored methods</span>
                  </a> <!-- navigator-link  -->
                </li>
                <li>
                  <a href="#" panel-name="chronological-ParallelTestSuite" class="navigator-link ">
                    <span>Chronological view</span>
                  </a> <!-- navigator-link  -->
                </li>
              </ul>
            </div> <!-- suite-section-content -->
            <div class="result-section">
              <div class="suite-section-title">
                <span>Results</span>
              </div> <!-- suite-section-title -->
              <div class="suite-section-content">
                <ul>
                  <li>
                    <span class="method-stats">11 methods, 7 failed,   4 passed</span>
                  </li>
                  <li>
                    <span class="method-list-title failed">Failed methods</span>
                    <span class="show-or-hide-methods failed">
                      <a href="#" panel-name="suite-ParallelTestSuite" class="hide-methods failed suite-ParallelTestSuite"> (hide)</a> <!-- hide-methods failed suite-ParallelTestSuite -->
                      <a href="#" panel-name="suite-ParallelTestSuite" class="show-methods failed suite-ParallelTestSuite"> (show)</a> <!-- show-methods failed suite-ParallelTestSuite -->
                    </span>
                    <div class="method-list-content failed suite-ParallelTestSuite">
                      <span>
                        <img src="failed.png" width="3%"/>
                        <a href="#" panel-name="suite-ParallelTestSuite" title="com.expedia.Tests.PackageTest" class="method navigator-link" hash-for-method="checkCruiseWithInValidData">checkCruiseWithInValidData</a> <!-- method navigator-link -->
                      </span>
                      <br/>
                      <span>
                        <img src="failed.png" width="3%"/>
                        <a href="#" panel-name="suite-ParallelTestSuite" title="com.expedia.cucumber.TestRunner" class="method navigator-link" hash-for-method="runScenario(&quot;Provide Feedback&quot;, &quot;User Feedback on Expedia.co.in&quot;)">runScenario("Provide Feedback", "User Feedback on Expedia.co.in")</a> <!-- method navigator-link -->
                      </span>
                      <br/>
                      <span>
                        <img src="failed.png" width="3%"/>
                        <a href="#" panel-name="suite-ParallelTestSuite" title="com.expedia.cucumber.TestRunner" class="method navigator-link" hash-for-method="runScenario(&quot;User clicks on Support&quot;, &quot;User clicks on Support and sees Cancel a Trip button&quot;)">runScenario("User clicks on Support", "User clicks on Support and sees Cancel a Trip button")</a> <!-- method navigator-link -->
                      </span>
                      <br/>
                      <span>
                        <img src="failed.png" width="3%"/>
                        <a href="#" panel-name="suite-ParallelTestSuite" title="com.expedia.cucumber.TestRunner" class="method navigator-link" hash-for-method="runScenario(&quot;round trip search&quot;, &quot;Search Flight&quot;)">runScenario("round trip search", "Search Flight")</a> <!-- method navigator-link -->
                      </span>
                      <br/>
                      <span>
                        <img src="failed.png" width="3%"/>
                        <a href="#" panel-name="suite-ParallelTestSuite" title="com.expedia.Tests.PackageTest" class="method navigator-link" hash-for-method="testDownloadApp">testDownloadApp</a> <!-- method navigator-link -->
                      </span>
                      <br/>
                      <span>
                        <img src="failed.png" width="3%"/>
                        <a href="#" panel-name="suite-ParallelTestSuite" title="com.expedia.Tests.CarsTest" class="method navigator-link" hash-for-method="testSearchWithValidLocations">testSearchWithValidLocations</a> <!-- method navigator-link -->
                      </span>
                      <br/>
                      <span>
                        <img src="failed.png" width="3%"/>
                        <a href="#" panel-name="suite-ParallelTestSuite" title="com.expedia.Tests.PackageTest" class="method navigator-link" hash-for-method="testTravelBlog">testTravelBlog</a> <!-- method navigator-link -->
                      </span>
                      <br/>
                    </div> <!-- method-list-content failed suite-ParallelTestSuite -->
                  </li>
                  <li>
                    <span class="method-list-title passed">Passed methods</span>
                    <span class="show-or-hide-methods passed">
                      <a href="#" panel-name="suite-ParallelTestSuite" class="hide-methods passed suite-ParallelTestSuite"> (hide)</a> <!-- hide-methods passed suite-ParallelTestSuite -->
                      <a href="#" panel-name="suite-ParallelTestSuite" class="show-methods passed suite-ParallelTestSuite"> (show)</a> <!-- show-methods passed suite-ParallelTestSuite -->
                    </span>
                    <div class="method-list-content passed suite-ParallelTestSuite">
                      <span>
                        <img src="passed.png" width="3%"/>
                        <a href="#" panel-name="suite-ParallelTestSuite" title="com.expedia.Tests.CarsTest" class="method navigator-link" hash-for-method="testCarTypeSearch">testCarTypeSearch</a> <!-- method navigator-link -->
                      </span>
                      <br/>
                      <span>
                        <img src="passed.png" width="3%"/>
                        <a href="#" panel-name="suite-ParallelTestSuite" title="com.expedia.Tests.CarsTest" class="method navigator-link" hash-for-method="testResultsWithFilters">testResultsWithFilters</a> <!-- method navigator-link -->
                      </span>
                      <br/>
                      <span>
                        <img src="passed.png" width="3%"/>
                        <a href="#" panel-name="suite-ParallelTestSuite" title="com.expedia.Tests.CarsTest" class="method navigator-link" hash-for-method="testResultsWithSort">testResultsWithSort</a> <!-- method navigator-link -->
                      </span>
                      <br/>
                      <span>
                        <img src="passed.png" width="3%"/>
                        <a href="#" panel-name="suite-ParallelTestSuite" title="com.expedia.Tests.PackageTest" class="method navigator-link" hash-for-method="testSocialMediaHandle">testSocialMediaHandle</a> <!-- method navigator-link -->
                      </span>
                      <br/>
                    </div> <!-- method-list-content passed suite-ParallelTestSuite -->
                  </li>
                </ul>
              </div> <!-- suite-section-content -->
            </div> <!-- result-section -->
          </div> <!-- navigator-suite-content -->
        </div> <!-- rounded-window -->
      </div> <!-- suite -->
    </div> <!-- navigator-root -->
    <div class="wrapper">
      <div class="main-panel-root">
        <div panel-name="suite-ParallelTestSuite" class="panel ParallelTestSuite">
          <div class="suite-ParallelTestSuite-class-failed">
            <div class="main-panel-header rounded-window-top">
              <img src="failed.png"/>
              <span class="class-name">com.expedia.Tests.PackageTest</span>
            </div> <!-- main-panel-header rounded-window-top -->
            <div class="main-panel-content rounded-window-bottom">
              <div class="method">
                <div class="method-content">
                  <a name="checkCruiseWithInValidData">
                  </a> <!-- checkCruiseWithInValidData -->
                  <span class="method-name">checkCruiseWithInValidData</span>
                  <div class="stack-trace">org.openqa.selenium.NoSuchElementException: no such element: Unable to locate element: {&quot;method&quot;:&quot;xpath&quot;,&quot;selector&quot;:&quot;//button[normalize-space()=&apos;English&apos;]&quot;}
  (Session info: MicrosoftEdge=123.0.2420.81)
For documentation on this error, please visit: https://www.selenium.dev/documentation/webdriver/troubleshooting/errors#no-such-element-exception
Build info: version: &apos;4.13.0&apos;, revision: &apos;ba948ece5b*&apos;
System info: os.name: &apos;Windows 10&apos;, os.arch: &apos;amd64&apos;, os.version: &apos;10.0&apos;, java.version: &apos;20.0.1&apos;
Driver info: org.openqa.selenium.edge.EdgeDriver
Command: [f19a06b27dad605025334d4d47095b75, findElement {using=xpath, value=//button[normalize-space()=&apos;English&apos;]}]
Capabilities {acceptInsecureCerts: false, browserName: MicrosoftEdge, browserVersion: 123.0.2420.81, fedcm:accounts: true, ms:edgeOptions: {debuggerAddress: localhost:53079}, msedge: {msedgedriverVersion: 123.0.2420.81 (8acdca46cf48..., userDataDir: C:\Users\p1357921\AppData\L...}, networkConnectionEnabled: false, pageLoadStrategy: normal, platformName: windows, proxy: Proxy(), se:cdp: ws://localhost:53079/devtoo..., se:cdpVersion: 123.0.2420.81, setWindowRect: true, strictFileInteractability: false, timeouts: {implicit: 0, pageLoad: 300000, script: 30000}, unhandledPromptBehavior: dismiss and notify, webauthn:extension:credBlob: true, webauthn:extension:largeBlob: true, webauthn:extension:minPinLength: true, webauthn:extension:prf: true, webauthn:virtualAuthenticators: true}
Session ID: f19a06b27dad605025334d4d47095b75
	at org.openqa.selenium.remote.codec.w3c.W3CHttpResponseCodec.createException(W3CHttpResponseCodec.java:200)
	at org.openqa.selenium.remote.codec.w3c.W3CHttpResponseCodec.decode(W3CHttpResponseCodec.java:133)
	at org.openqa.selenium.remote.codec.w3c.W3CHttpResponseCodec.decode(W3CHttpResponseCodec.java:52)
	at org.openqa.selenium.remote.HttpCommandExecutor.execute(HttpCommandExecutor.java:191)
	at org.openqa.selenium.remote.service.DriverCommandExecutor.invokeExecute(DriverCommandExecutor.java:196)
	at org.openqa.selenium.remote.service.DriverCommandExecutor.execute(DriverCommandExecutor.java:171)
	at org.openqa.selenium.remote.RemoteWebDriver.execute(RemoteWebDriver.java:602)
	at org.openqa.selenium.remote.ElementLocation$ElementFinder$2.findElement(ElementLocation.java:165)
	at org.openqa.selenium.remote.ElementLocation.findElement(ElementLocation.java:59)
	at org.openqa.selenium.remote.RemoteWebDriver.findElement(RemoteWebDriver.java:359)
	at org.openqa.selenium.remote.RemoteWebDriver.findElement(RemoteWebDriver.java:353)
	at org.openqa.selenium.support.pagefactory.DefaultElementLocator.findElement(DefaultElementLocator.java:68)
	at org.openqa.selenium.support.pagefactory.internal.LocatingElementHandler.invoke(LocatingElementHandler.java:38)
	at jdk.proxy2/jdk.proxy2.$Proxy33.click(Unknown Source)
	at com.expedia.pages.ExpediaPackageSearch.clickRegionButton(ExpediaPackageSearch.java:188)
	at com.expedia.Tests.PackageTest.checkCruiseWithInValidData(PackageTest.java:50)
	at java.base/java.util.ArrayList.forEach(ArrayList.java:1511)
	at java.base/java.util.concurrent.FutureTask.run(FutureTask.java:317)
	at java.base/java.util.concurrent.ThreadPoolExecutor.runWorker(ThreadPoolExecutor.java:1144)
	at java.base/java.util.concurrent.ThreadPoolExecutor$Worker.run(ThreadPoolExecutor.java:642)
	at java.base/java.lang.Thread.run(Thread.java:1623)
... Removed 19 stack frames
</div> <!-- stack-trace -->
                </div> <!-- method-content -->
              </div> <!-- method -->
              <div class="method">
                <div class="method-content">
                  <a name="testDownloadApp">
                  </a> <!-- testDownloadApp -->
                  <span class="method-name">testDownloadApp</span>
                  <div class="stack-trace">org.openqa.selenium.TimeoutException: Expected condition failed: waiting for visibility of element located by By.xpath: //*[@id=&quot;app-layer-base&quot;]/div[1]/div[2]/div[1]/div[6]/div[12]/div/div/div/div[1]/div[2] (tried for 50 second(s) with 500 milliseconds interval)
Build info: version: &apos;4.13.0&apos;, revision: &apos;ba948ece5b*&apos;
System info: os.name: &apos;Windows 10&apos;, os.arch: &apos;amd64&apos;, os.version: &apos;10.0&apos;, java.version: &apos;20.0.1&apos;
Driver info: org.openqa.selenium.edge.EdgeDriver
Capabilities {acceptInsecureCerts: false, browserName: MicrosoftEdge, browserVersion: 123.0.2420.81, fedcm:accounts: true, ms:edgeOptions: {debuggerAddress: localhost:53079}, msedge: {msedgedriverVersion: 123.0.2420.81 (8acdca46cf48..., userDataDir: C:\Users\p1357921\AppData\L...}, networkConnectionEnabled: false, pageLoadStrategy: normal, platformName: windows, proxy: Proxy(), se:cdp: ws://localhost:53079/devtoo..., se:cdpVersion: 123.0.2420.81, setWindowRect: true, strictFileInteractability: false, timeouts: {implicit: 0, pageLoad: 300000, script: 30000}, unhandledPromptBehavior: dismiss and notify, webauthn:extension:credBlob: true, webauthn:extension:largeBlob: true, webauthn:extension:minPinLength: true, webauthn:extension:prf: true, webauthn:virtualAuthenticators: true}
Session ID: f19a06b27dad605025334d4d47095b75
	at org.openqa.selenium.support.ui.WebDriverWait.timeoutException(WebDriverWait.java:84)
	at org.openqa.selenium.support.ui.FluentWait.until(FluentWait.java:230)
	at com.expedia.pages.ExpediaPackageSearch.getVerifyText(ExpediaPackageSearch.java:249)
	at com.expedia.Tests.PackageTest.testDownloadApp(PackageTest.java:81)
	at java.base/java.util.ArrayList.forEach(ArrayList.java:1511)
	at java.base/java.util.concurrent.FutureTask.run(FutureTask.java:317)
	at java.base/java.util.concurrent.ThreadPoolExecutor.runWorker(ThreadPoolExecutor.java:1144)
	at java.base/java.util.concurrent.ThreadPoolExecutor$Worker.run(ThreadPoolExecutor.java:642)
	at java.base/java.lang.Thread.run(Thread.java:1623)
... Removed 16 stack frames
</div> <!-- stack-trace -->
                </div> <!-- method-content -->
              </div> <!-- method -->
              <div class="method">
                <div class="method-content">
                  <a name="testTravelBlog">
                  </a> <!-- testTravelBlog -->
                  <span class="method-name">testTravelBlog</span>
                  <div class="stack-trace">org.openqa.selenium.TimeoutException: Expected condition failed: waiting for visibility of Proxy element for: DefaultElementLocator &apos;By.xpath: //*[@id=&apos;app-layer-base&apos;]/div[1]/div[2]/div[2]/footer/div/div/ul[1]/li[3]/ul/li[8]/div/a&apos; (tried for 50 second(s) with 500 milliseconds interval)
	at org.openqa.selenium.support.ui.WebDriverWait.timeoutException(WebDriverWait.java:84)
	at org.openqa.selenium.support.ui.FluentWait.until(FluentWait.java:230)
	at com.expedia.pages.ExpediaPackageSearch.clickTravelBlog(ExpediaPackageSearch.java:232)
	at com.expedia.Tests.PackageTest.testTravelBlog(PackageTest.java:66)
	at java.base/java.util.ArrayList.forEach(ArrayList.java:1511)
	at java.base/java.util.concurrent.FutureTask.run(FutureTask.java:317)
	at java.base/java.util.concurrent.ThreadPoolExecutor.runWorker(ThreadPoolExecutor.java:1144)
	at java.base/java.util.concurrent.ThreadPoolExecutor$Worker.run(ThreadPoolExecutor.java:642)
	at java.base/java.lang.Thread.run(Thread.java:1623)
Caused by: org.openqa.selenium.NoSuchElementException: no such element: Unable to locate element: {&quot;method&quot;:&quot;xpath&quot;,&quot;selector&quot;:&quot;//*[@id=&apos;app-layer-base&apos;]/div[1]/div[2]/div[2]/footer/div/div/ul[1]/li[3]/ul/li[8]/div/a&quot;}
  (Session info: MicrosoftEdge=123.0.2420.81)
For documentation on this error, please visit: https://www.selenium.dev/documentation/webdriver/troubleshooting/errors#no-such-element-exception
Build info: version: &apos;4.13.0&apos;, revision: &apos;ba948ece5b*&apos;
System info: os.name: &apos;Windows 10&apos;, os.arch: &apos;amd64&apos;, os.version: &apos;10.0&apos;, java.version: &apos;20.0.1&apos;
Driver info: org.openqa.selenium.edge.EdgeDriver
Command: [f19a06b27dad605025334d4d47095b75, findElement {using=xpath, value=//*[@id=&apos;app-layer-base&apos;]/div[1]/div[2]/div[2]/footer/div/div/ul[1]/li[3]/ul/li[8]/div/a}]
Capabilities {acceptInsecureCerts: false, browserName: MicrosoftEdge, browserVersion: 123.0.2420.81, fedcm:accounts: true, ms:edgeOptions: {debuggerAddress: localhost:53079}, msedge: {msedgedriverVersion: 123.0.2420.81 (8acdca46cf48..., userDataDir: C:\Users\p1357921\AppData\L...}, networkConnectionEnabled: false, pageLoadStrategy: normal, platformName: windows, proxy: Proxy(), se:cdp: ws://localhost:53079/devtoo..., se:cdpVersion: 123.0.2420.81, setWindowRect: true, strictFileInteractability: false, timeouts: {implicit: 0, pageLoad: 300000, script: 30000}, unhandledPromptBehavior: dismiss and notify, webauthn:extension:credBlob: true, webauthn:extension:largeBlob: true, webauthn:extension:minPinLength: true, webauthn:extension:prf: true, webauthn:virtualAuthenticators: true}
Session ID: f19a06b27dad605025334d4d47095b75
	at org.openqa.selenium.remote.codec.w3c.W3CHttpResponseCodec.createException(W3CHttpResponseCodec.java:200)
	at org.openqa.selenium.remote.codec.w3c.W3CHttpResponseCodec.decode(W3CHttpResponseCodec.java:133)
	at org.openqa.selenium.remote.codec.w3c.W3CHttpResponseCodec.decode(W3CHttpResponseCodec.java:52)
	at org.openqa.selenium.remote.HttpCommandExecutor.execute(HttpCommandExecutor.java:191)
	at org.openqa.selenium.remote.service.DriverCommandExecutor.invokeExecute(DriverCommandExecutor.java:196)
	at org.openqa.selenium.remote.service.DriverCommandExecutor.execute(DriverCommandExecutor.java:171)
	at org.openqa.selenium.remote.RemoteWebDriver.execute(RemoteWebDriver.java:602)
	at org.openqa.selenium.remote.ElementLocation$ElementFinder$2.findElement(ElementLocation.java:165)
	at org.openqa.selenium.remote.ElementLocation.findElement(ElementLocation.java:59)
	at org.openqa.selenium.remote.RemoteWebDriver.findElement(RemoteWebDriver.java:359)
	at org.openqa.selenium.remote.RemoteWebDriver.findElement(RemoteWebDriver.java:353)
	at org.openqa.selenium.support.pagefactory.DefaultElementLocator.findElement(DefaultElementLocator.java:68)
	at org.openqa.selenium.support.pagefactory.internal.LocatingElementHandler.invoke(LocatingElementHandler.java:38)
	at jdk.proxy2/jdk.proxy2.$Proxy33.isDisplayed(Unknown Source)
	at org.openqa.selenium.support.ui.ExpectedConditions.elementIfVisible(ExpectedConditions.java:304)
	at org.openqa.selenium.support.ui.ExpectedConditions.access$000(ExpectedConditions.java:37)
	at org.openqa.selenium.support.ui.ExpectedConditions$10.apply(ExpectedConditions.java:290)
	at org.openqa.selenium.support.ui.ExpectedConditions$10.apply(ExpectedConditions.java:287)
	at org.openqa.selenium.support.ui.FluentWait.until(FluentWait.java:205)
	... 23 more
... Removed 19 stack frames
</div> <!-- stack-trace -->
                </div> <!-- method-content -->
              </div> <!-- method -->
            </div> <!-- main-panel-content rounded-window-bottom -->
          </div> <!-- suite-ParallelTestSuite-class-failed -->
          <div class="suite-ParallelTestSuite-class-failed">
            <div class="main-panel-header rounded-window-top">
              <img src="failed.png"/>
              <span class="class-name">com.expedia.Tests.CarsTest</span>
            </div> <!-- main-panel-header rounded-window-top -->
            <div class="main-panel-content rounded-window-bottom">
              <div class="method">
                <div class="method-content">
                  <a name="testSearchWithValidLocations">
                  </a> <!-- testSearchWithValidLocations -->
                  <span class="method-name">testSearchWithValidLocations</span>
                  <div class="stack-trace">org.openqa.selenium.StaleElementReferenceException: The element with the reference b0dd3092-b1b3-42ca-ad68-ef213483af38 is stale; either its node document is not the active document, or it is no longer connected to the DOM
For documentation on this error, please visit: https://www.selenium.dev/documentation/webdriver/troubleshooting/errors#stale-element-reference-exception
Build info: version: &apos;4.13.0&apos;, revision: &apos;ba948ece5b*&apos;
System info: os.name: &apos;Windows 10&apos;, os.arch: &apos;amd64&apos;, os.version: &apos;10.0&apos;, java.version: &apos;20.0.1&apos;
Driver info: org.openqa.selenium.firefox.FirefoxDriver
Command: [28ff0620-0274-47e9-823f-34a53eccb0dc, isElementDisplayed {id=b0dd3092-b1b3-42ca-ad68-ef213483af38}]
Capabilities {acceptInsecureCerts: true, browserName: firefox, browserVersion: 124.0.1, moz:accessibilityChecks: false, moz:buildID: 20240321230221, moz:debuggerAddress: 127.0.0.1:8933, moz:geckodriverVersion: 0.34.0, moz:headless: false, moz:platformVersion: 10.0, moz:processID: 19028, moz:profile: C:\Users\p1357921\AppData\L..., moz:shutdownTimeout: 60000, moz:webdriverClick: true, moz:windowless: false, pageLoadStrategy: normal, platformName: windows, proxy: Proxy(), se:cdp: ws://127.0.0.1:8933/devtool..., se:cdpVersion: 85.0, setWindowRect: true, strictFileInteractability: false, timeouts: {implicit: 0, pageLoad: 300000, script: 30000}, unhandledPromptBehavior: dismiss and notify}
Element: [[FirefoxDriver: firefox on windows (28ff0620-0274-47e9-823f-34a53eccb0dc)] -&gt; xpath: //*[@id=&quot;ct-search-results&quot;]/div[2]/ct-availability-list-header/div/div/ct-results-summary/div/strong]
Session ID: 28ff0620-0274-47e9-823f-34a53eccb0dc
	at org.openqa.selenium.remote.codec.w3c.W3CHttpResponseCodec.createException(W3CHttpResponseCodec.java:200)
	at org.openqa.selenium.remote.codec.w3c.W3CHttpResponseCodec.decode(W3CHttpResponseCodec.java:133)
	at org.openqa.selenium.remote.codec.w3c.W3CHttpResponseCodec.decode(W3CHttpResponseCodec.java:52)
	at org.openqa.selenium.remote.HttpCommandExecutor.execute(HttpCommandExecutor.java:191)
	at org.openqa.selenium.remote.service.DriverCommandExecutor.invokeExecute(DriverCommandExecutor.java:196)
	at org.openqa.selenium.remote.service.DriverCommandExecutor.execute(DriverCommandExecutor.java:171)
	at org.openqa.selenium.remote.RemoteWebDriver.execute(RemoteWebDriver.java:602)
	at org.openqa.selenium.remote.RemoteWebElement.execute(RemoteWebElement.java:224)
	at org.openqa.selenium.remote.RemoteWebElement.isDisplayed(RemoteWebElement.java:283)
	at org.openqa.selenium.support.pagefactory.internal.LocatingElementHandler.invoke(LocatingElementHandler.java:51)
	at jdk.proxy2/jdk.proxy2.$Proxy33.isDisplayed(Unknown Source)
	at org.openqa.selenium.support.ui.ExpectedConditions.elementIfVisible(ExpectedConditions.java:304)
	at org.openqa.selenium.support.ui.ExpectedConditions.access$000(ExpectedConditions.java:37)
	at org.openqa.selenium.support.ui.ExpectedConditions$10.apply(ExpectedConditions.java:290)
	at org.openqa.selenium.support.ui.ExpectedConditions$10.apply(ExpectedConditions.java:287)
	at org.openqa.selenium.support.ui.ExpectedConditions$23.apply(ExpectedConditions.java:656)
	at org.openqa.selenium.support.ui.ExpectedConditions$23.apply(ExpectedConditions.java:652)
	at org.openqa.selenium.support.ui.FluentWait.until(FluentWait.java:205)
	at com.expedia.pages.CarSearchResultPage.getResultCount(CarSearchResultPage.java:65)
	at com.expedia.Tests.CarsTest.testSearchWithValidLocations(CarsTest.java:89)
	at java.base/java.util.ArrayList.forEach(ArrayList.java:1511)
	at java.base/java.util.concurrent.FutureTask.run(FutureTask.java:317)
	at java.base/java.util.concurrent.ThreadPoolExecutor.runWorker(ThreadPoolExecutor.java:1144)
	at java.base/java.util.concurrent.ThreadPoolExecutor$Worker.run(ThreadPoolExecutor.java:642)
	at java.base/java.lang.Thread.run(Thread.java:1623)
... Removed 21 stack frames
</div> <!-- stack-trace -->
                </div> <!-- method-content -->
              </div> <!-- method -->
            </div> <!-- main-panel-content rounded-window-bottom -->
          </div> <!-- suite-ParallelTestSuite-class-failed -->
          <div class="suite-ParallelTestSuite-class-failed">
            <div class="main-panel-header rounded-window-top">
              <img src="failed.png"/>
              <span class="class-name">com.expedia.cucumber.TestRunner</span>
            </div> <!-- main-panel-header rounded-window-top -->
            <div class="main-panel-content rounded-window-bottom">
              <div class="method">
                <div class="method-content">
                  <a name="runScenario(&quot;Provide Feedback&quot;, &quot;User Feedback on Expedia.co.in&quot;)">
                  </a> <!-- runScenario("Provide Feedback", "User Feedback on Expedia.co.in") -->
                  <span class="method-name">runScenario</span>
                  <span class="parameters">("Provide Feedback", "User Feedback on Expedia.co.in")</span>
                  <div class="stack-trace">org.openqa.selenium.NoSuchElementException: no such element: Unable to locate element: {&quot;method&quot;:&quot;xpath&quot;,&quot;selector&quot;:&quot;//*[@id=&apos;headerFeedback&apos;]/div[4]/div[3]/a&quot;}
  (Session info: chrome=123.0.6312.122)
For documentation on this error, please visit: https://www.selenium.dev/documentation/webdriver/troubleshooting/errors#no-such-element-exception
Build info: version: &apos;4.13.0&apos;, revision: &apos;ba948ece5b*&apos;
System info: os.name: &apos;Windows 10&apos;, os.arch: &apos;amd64&apos;, os.version: &apos;10.0&apos;, java.version: &apos;20.0.1&apos;
Driver info: org.openqa.selenium.chrome.ChromeDriver
Command: [c319fcfb14b7976debe1b46a111ccdb5, findElement {using=xpath, value=//*[@id=&apos;headerFeedback&apos;]/div[4]/div[3]/a}]
Capabilities {acceptInsecureCerts: false, browserName: chrome, browserVersion: 123.0.6312.122, chrome: {chromedriverVersion: 123.0.6312.122 (31f8248cdd9..., userDataDir: C:\Users\p1357921\AppData\L...}, fedcm:accounts: true, goog:chromeOptions: {debuggerAddress: localhost:54145}, networkConnectionEnabled: false, pageLoadStrategy: normal, platformName: windows, proxy: Proxy(), se:cdp: ws://localhost:54145/devtoo..., se:cdpVersion: 123.0.6312.122, setWindowRect: true, strictFileInteractability: false, timeouts: {implicit: 0, pageLoad: 300000, script: 30000}, unhandledPromptBehavior: dismiss and notify, webauthn:extension:credBlob: true, webauthn:extension:largeBlob: true, webauthn:extension:minPinLength: true, webauthn:extension:prf: true, webauthn:virtualAuthenticators: true}
Session ID: c319fcfb14b7976debe1b46a111ccdb5
	at org.openqa.selenium.remote.codec.w3c.W3CHttpResponseCodec.createException(W3CHttpResponseCodec.java:200)
	at org.openqa.selenium.remote.codec.w3c.W3CHttpResponseCodec.decode(W3CHttpResponseCodec.java:133)
	at org.openqa.selenium.remote.codec.w3c.W3CHttpResponseCodec.decode(W3CHttpResponseCodec.java:52)
	at org.openqa.selenium.remote.HttpCommandExecutor.execute(HttpCommandExecutor.java:191)
	at org.openqa.selenium.remote.service.DriverCommandExecutor.invokeExecute(DriverCommandExecutor.java:196)
	at org.openqa.selenium.remote.service.DriverCommandExecutor.execute(DriverCommandExecutor.java:171)
	at org.openqa.selenium.remote.RemoteWebDriver.execute(RemoteWebDriver.java:602)
	at org.openqa.selenium.remote.ElementLocation$ElementFinder$2.findElement(ElementLocation.java:165)
	at org.openqa.selenium.remote.ElementLocation.findElement(ElementLocation.java:59)
	at org.openqa.selenium.remote.RemoteWebDriver.findElement(RemoteWebDriver.java:359)
	at org.openqa.selenium.remote.RemoteWebDriver.findElement(RemoteWebDriver.java:353)
	at com.expedia.cucumber.StepDefinition.i_click_on_the_link(StepDefinition.java:80)
	at ✽.I click on the &quot;Website Feedback&quot; link(file:///D:/Testing/team4-expedia-capstone-project/src/test/java/com/expedia/cucumber/expediafeedback.feature:6)
... Removed 3 stack frames
</div> <!-- stack-trace -->
                  <em>
(Runs Cucumber Scenarios)                  </em>
                </div> <!-- method-content -->
              </div> <!-- method -->
              <div class="method">
                <div class="method-content">
                  <a name="runScenario(&quot;User clicks on Support&quot;, &quot;User clicks on Support and sees Cancel a Trip button&quot;)">
                  </a> <!-- runScenario("User clicks on Support", "User clicks on Support and sees Cancel a Trip button") -->
                  <span class="method-name">runScenario</span>
                  <span class="parameters">("User clicks on Support", "User clicks on Support and sees Cancel a Trip button")</span>
                  <div class="stack-trace">org.openqa.selenium.NoSuchElementException: no such element: Unable to locate element: {&quot;method&quot;:&quot;xpath&quot;,&quot;selector&quot;:&quot;//a[contains(text(), &apos;Support&apos;)]&quot;}
  (Session info: chrome=123.0.6312.122)
For documentation on this error, please visit: https://www.selenium.dev/documentation/webdriver/troubleshooting/errors#no-such-element-exception
Build info: version: &apos;4.13.0&apos;, revision: &apos;ba948ece5b*&apos;
System info: os.name: &apos;Windows 10&apos;, os.arch: &apos;amd64&apos;, os.version: &apos;10.0&apos;, java.version: &apos;20.0.1&apos;
Driver info: org.openqa.selenium.chrome.ChromeDriver
Command: [c49ea5168cefeeff410d63d5763fba82, findElement {using=xpath, value=//a[contains(text(), &apos;Support&apos;)]}]
Capabilities {acceptInsecureCerts: false, browserName: chrome, browserVersion: 123.0.6312.122, chrome: {chromedriverVersion: 123.0.6312.122 (31f8248cdd9..., userDataDir: C:\Users\p1357921\AppData\L...}, fedcm:accounts: true, goog:chromeOptions: {debuggerAddress: localhost:54544}, networkConnectionEnabled: false, pageLoadStrategy: normal, platformName: windows, proxy: Proxy(), se:cdp: ws://localhost:54544/devtoo..., se:cdpVersion: 123.0.6312.122, setWindowRect: true, strictFileInteractability: false, timeouts: {implicit: 0, pageLoad: 300000, script: 30000}, unhandledPromptBehavior: dismiss and notify, webauthn:extension:credBlob: true, webauthn:extension:largeBlob: true, webauthn:extension:minPinLength: true, webauthn:extension:prf: true, webauthn:virtualAuthenticators: true}
Session ID: c49ea5168cefeeff410d63d5763fba82
	at org.openqa.selenium.remote.codec.w3c.W3CHttpResponseCodec.createException(W3CHttpResponseCodec.java:200)
	at org.openqa.selenium.remote.codec.w3c.W3CHttpResponseCodec.decode(W3CHttpResponseCodec.java:133)
	at org.openqa.selenium.remote.codec.w3c.W3CHttpResponseCodec.decode(W3CHttpResponseCodec.java:52)
	at org.openqa.selenium.remote.HttpCommandExecutor.execute(HttpCommandExecutor.java:191)
	at org.openqa.selenium.remote.service.DriverCommandExecutor.invokeExecute(DriverCommandExecutor.java:196)
	at org.openqa.selenium.remote.service.DriverCommandExecutor.execute(DriverCommandExecutor.java:171)
	at org.openqa.selenium.remote.RemoteWebDriver.execute(RemoteWebDriver.java:602)
	at org.openqa.selenium.remote.ElementLocation$ElementFinder$2.findElement(ElementLocation.java:165)
	at org.openqa.selenium.remote.ElementLocation.findElement(ElementLocation.java:59)
	at org.openqa.selenium.remote.RemoteWebDriver.findElement(RemoteWebDriver.java:359)
	at org.openqa.selenium.remote.RemoteWebDriver.findElement(RemoteWebDriver.java:353)
	at com.expedia.cucumber.StepDefinition.the_user_clicks_on_the_link(StepDefinition.java:59)
	at ✽.the user clicks on the &quot;Support&quot; link(file:///D:/Testing/team4-expedia-capstone-project/src/test/java/com/expedia/cucumber/expediasupport.feature:6)
... Removed 3 stack frames
</div> <!-- stack-trace -->
                  <em>
(Runs Cucumber Scenarios)                  </em>
                </div> <!-- method-content -->
              </div> <!-- method -->
              <div class="method">
                <div class="method-content">
                  <a name="runScenario(&quot;round trip search&quot;, &quot;Search Flight&quot;)">
                  </a> <!-- runScenario("round trip search", "Search Flight") -->
                  <span class="method-name">runScenario</span>
                  <span class="parameters">("round trip search", "Search Flight")</span>
                  <div class="stack-trace">org.openqa.selenium.TimeoutException: Expected condition failed: waiting for visibility of Proxy element for: DefaultElementLocator &apos;By.xpath: //ul[@data-test-id=&apos;listings&apos;]//li[2]//div//button//span&apos; (tried for 20 second(s) with 500 milliseconds interval)
	at org.openqa.selenium.support.ui.WebDriverWait.timeoutException(WebDriverWait.java:84)
	at org.openqa.selenium.support.ui.FluentWait.until(FluentWait.java:230)
	at com.expedia.pages.FlightResultPage.flightData(FlightResultPage.java:39)
	at com.expedia.pages.FlightResultPage.resultOfOneWayFlight(FlightResultPage.java:53)
	at com.expedia.cucumber.FlightSearchDef.the_user_enters_trip_details(FlightSearchDef.java:58)
	at ✽.the user enters trip details(file:///D:/Testing/team4-expedia-capstone-project/src/test/java/com/expedia/cucumber/FlightSearch.feature:5)
Caused by: org.openqa.selenium.NoSuchElementException: no such element: Unable to locate element: {&quot;method&quot;:&quot;xpath&quot;,&quot;selector&quot;:&quot;//ul[@data-test-id=&apos;listings&apos;]//li[2]//div//button//span&quot;}
  (Session info: chrome=123.0.6312.122)
For documentation on this error, please visit: https://www.selenium.dev/documentation/webdriver/troubleshooting/errors#no-such-element-exception
Build info: version: &apos;4.13.0&apos;, revision: &apos;ba948ece5b*&apos;
System info: os.name: &apos;Windows 10&apos;, os.arch: &apos;amd64&apos;, os.version: &apos;10.0&apos;, java.version: &apos;20.0.1&apos;
Driver info: org.openqa.selenium.chrome.ChromeDriver
Command: [1b37cb0a0863fed424b74a56fe7881c6, findElement {using=xpath, value=//ul[@data-test-id=&apos;listings&apos;]//li[2]//div//button//span}]
Capabilities {acceptInsecureCerts: false, browserName: chrome, browserVersion: 123.0.6312.122, chrome: {chromedriverVersion: 123.0.6312.122 (31f8248cdd9..., userDataDir: C:\Users\p1357921\AppData\L...}, fedcm:accounts: true, goog:chromeOptions: {debuggerAddress: localhost:53046}, networkConnectionEnabled: false, pageLoadStrategy: normal, platformName: windows, proxy: Proxy(), se:cdp: ws://localhost:53046/devtoo..., se:cdpVersion: 123.0.6312.122, setWindowRect: true, strictFileInteractability: false, timeouts: {implicit: 0, pageLoad: 300000, script: 30000}, unhandledPromptBehavior: dismiss and notify, webauthn:extension:credBlob: true, webauthn:extension:largeBlob: true, webauthn:extension:minPinLength: true, webauthn:extension:prf: true, webauthn:virtualAuthenticators: true}
Session ID: 1b37cb0a0863fed424b74a56fe7881c6
	at org.openqa.selenium.remote.codec.w3c.W3CHttpResponseCodec.createException(W3CHttpResponseCodec.java:200)
	at org.openqa.selenium.remote.codec.w3c.W3CHttpResponseCodec.decode(W3CHttpResponseCodec.java:133)
	at org.openqa.selenium.remote.codec.w3c.W3CHttpResponseCodec.decode(W3CHttpResponseCodec.java:52)
	at org.openqa.selenium.remote.HttpCommandExecutor.execute(HttpCommandExecutor.java:191)
	at org.openqa.selenium.remote.service.DriverCommandExecutor.invokeExecute(DriverCommandExecutor.java:196)
	at org.openqa.selenium.remote.service.DriverCommandExecutor.execute(DriverCommandExecutor.java:171)
	at org.openqa.selenium.remote.RemoteWebDriver.execute(RemoteWebDriver.java:602)
	at org.openqa.selenium.remote.ElementLocation$ElementFinder$2.findElement(ElementLocation.java:165)
	at org.openqa.selenium.remote.ElementLocation.findElement(ElementLocation.java:59)
	at org.openqa.selenium.remote.RemoteWebDriver.findElement(RemoteWebDriver.java:359)
	at org.openqa.selenium.remote.RemoteWebDriver.findElement(RemoteWebDriver.java:353)
	at org.openqa.selenium.support.pagefactory.DefaultElementLocator.findElement(DefaultElementLocator.java:68)
	at org.openqa.selenium.support.pagefactory.internal.LocatingElementHandler.invoke(LocatingElementHandler.java:38)
	at jdk.proxy2/jdk.proxy2.$Proxy33.isDisplayed(Unknown Source)
	at org.openqa.selenium.support.ui.ExpectedConditions.elementIfVisible(ExpectedConditions.java:304)
	at org.openqa.selenium.support.ui.ExpectedConditions.access$000(ExpectedConditions.java:37)
	at org.openqa.selenium.support.ui.ExpectedConditions$10.apply(ExpectedConditions.java:290)
	at org.openqa.selenium.support.ui.ExpectedConditions$10.apply(ExpectedConditions.java:287)
	at org.openqa.selenium.support.ui.FluentWait.until(FluentWait.java:205)
	at com.expedia.pages.FlightResultPage.flightData(FlightResultPage.java:39)
	at com.expedia.pages.FlightResultPage.resultOfOneWayFlight(FlightResultPage.java:53)
	at com.expedia.cucumber.FlightSearchDef.the_user_enters_trip_details(FlightSearchDef.java:58)
	at io.cucumber.java.Invoker.doInvoke(Invoker.java:66)
	at io.cucumber.java.Invoker.invoke(Invoker.java:24)
	at io.cucumber.java.AbstractGlueDefinition.invokeMethod(AbstractGlueDefinition.java:47)
	at io.cucumber.java.JavaStepDefinition.execute(JavaStepDefinition.java:29)
	at io.cucumber.core.runner.CoreStepDefinition.execute(CoreStepDefinition.java:66)
	at io.cucumber.core.runner.PickleStepDefinitionMatch.runStep(PickleStepDefinitionMatch.java:63)
	at io.cucumber.core.runner.ExecutionMode$1.execute(ExecutionMode.java:10)
	at io.cucumber.core.runner.TestStep.executeStep(TestStep.java:84)
	at io.cucumber.core.runner.TestStep.run(TestStep.java:56)
	at io.cucumber.core.runner.PickleStepTestStep.run(PickleStepTestStep.java:51)
	at io.cucumber.core.runner.TestCase.run(TestCase.java:84)
	at io.cucumber.core.runner.Runner.runPickle(Runner.java:75)
	at io.cucumber.testng.TestNGCucumberRunner.lambda$runScenario$1(TestNGCucumberRunner.java:132)
	at io.cucumber.core.runtime.CucumberExecutionContext.lambda$runTestCase$5(CucumberExecutionContext.java:130)
	at io.cucumber.core.runtime.RethrowingThrowableCollector.executeAndThrow(RethrowingThrowableCollector.java:23)
	at io.cucumber.core.runtime.CucumberExecutionContext.runTestCase(CucumberExecutionContext.java:130)
	at io.cucumber.testng.TestNGCucumberRunner.runScenario(TestNGCucumberRunner.java:129)
	at io.cucumber.testng.AbstractTestNGCucumberTests.runScenario(AbstractTestNGCucumberTests.java:35)
	at java.base/java.util.ArrayList.forEach(ArrayList.java:1511)
	at java.base/java.util.concurrent.FutureTask.run(FutureTask.java:317)
	at java.base/java.util.concurrent.ThreadPoolExecutor.runWorker(ThreadPoolExecutor.java:1144)
	at java.base/java.util.concurrent.ThreadPoolExecutor$Worker.run(ThreadPoolExecutor.java:642)
	at java.base/java.lang.Thread.run(Thread.java:1623)
... Removed 21 stack frames
</div> <!-- stack-trace -->
                  <em>
(Runs Cucumber Scenarios)                  </em>
                </div> <!-- method-content -->
              </div> <!-- method -->
            </div> <!-- main-panel-content rounded-window-bottom -->
          </div> <!-- suite-ParallelTestSuite-class-failed -->
          <div class="suite-ParallelTestSuite-class-passed">
            <div class="main-panel-header rounded-window-top">
              <img src="passed.png"/>
              <span class="class-name">com.expedia.Tests.PackageTest</span>
            </div> <!-- main-panel-header rounded-window-top -->
            <div class="main-panel-content rounded-window-bottom">
              <div class="method">
                <div class="method-content">
                  <a name="testSocialMediaHandle">
                  </a> <!-- testSocialMediaHandle -->
                  <span class="method-name">testSocialMediaHandle</span>
                </div> <!-- method-content -->
              </div> <!-- method -->
            </div> <!-- main-panel-content rounded-window-bottom -->
          </div> <!-- suite-ParallelTestSuite-class-passed -->
          <div class="suite-ParallelTestSuite-class-passed">
            <div class="main-panel-header rounded-window-top">
              <img src="passed.png"/>
              <span class="class-name">com.expedia.Tests.CarsTest</span>
            </div> <!-- main-panel-header rounded-window-top -->
            <div class="main-panel-content rounded-window-bottom">
              <div class="method">
                <div class="method-content">
                  <a name="testCarTypeSearch">
                  </a> <!-- testCarTypeSearch -->
                  <span class="method-name">testCarTypeSearch</span>
                </div> <!-- method-content -->
              </div> <!-- method -->
              <div class="method">
                <div class="method-content">
                  <a name="testResultsWithFilters">
                  </a> <!-- testResultsWithFilters -->
                  <span class="method-name">testResultsWithFilters</span>
                </div> <!-- method-content -->
              </div> <!-- method -->
              <div class="method">
                <div class="method-content">
                  <a name="testResultsWithSort">
                  </a> <!-- testResultsWithSort -->
                  <span class="method-name">testResultsWithSort</span>
                </div> <!-- method-content -->
              </div> <!-- method -->
            </div> <!-- main-panel-content rounded-window-bottom -->
          </div> <!-- suite-ParallelTestSuite-class-passed -->
        </div> <!-- panel ParallelTestSuite -->
        <div panel-name="test-xml-ParallelTestSuite" class="panel">
          <div class="main-panel-header rounded-window-top">
            <span class="header-content">D:\Testing\team4-expedia-capstone-project\testng.xml</span>
          </div> <!-- main-panel-header rounded-window-top -->
          <div class="main-panel-content rounded-window-bottom">
            <pre>
&lt;?xml version=&quot;1.0&quot; encoding=&quot;UTF-8&quot;?&gt;
&lt;!DOCTYPE suite SYSTEM &quot;https://testng.org/testng-1.0.dtd&quot;&gt;
&lt;suite thread-count=&quot;10&quot; parallel=&quot;tests&quot; name=&quot;ParallelTestSuite&quot; guice-stage=&quot;DEVELOPMENT&quot;&gt;
  &lt;test thread-count=&quot;10&quot; name=&quot;FlightsTest&quot;&gt;
    &lt;parameter name=&quot;browser&quot; value=&quot;chrome&quot;/&gt;
    &lt;classes&gt;
      &lt;class name=&quot;com.expedia.Tests.FlightsTest&quot;/&gt;
    &lt;/classes&gt;
  &lt;/test&gt; &lt;!-- FlightsTest --&gt;
  &lt;test thread-count=&quot;10&quot; name=&quot;PackageTest&quot;&gt;
    &lt;parameter name=&quot;browser&quot; value=&quot;edge&quot;/&gt;
    &lt;classes&gt;
      &lt;class name=&quot;com.expedia.Tests.PackageTest&quot;/&gt;
    &lt;/classes&gt;
  &lt;/test&gt; &lt;!-- PackageTest --&gt;
  &lt;test thread-count=&quot;10&quot; name=&quot;CarsTest&quot;&gt;
    &lt;parameter name=&quot;browser&quot; value=&quot;firefox&quot;/&gt;
    &lt;classes&gt;
      &lt;class name=&quot;com.expedia.Tests.CarsTest&quot;/&gt;
    &lt;/classes&gt;
  &lt;/test&gt; &lt;!-- CarsTest --&gt;
  &lt;test thread-count=&quot;10&quot; name=&quot;CucumberTest&quot;&gt;
    &lt;parameter name=&quot;browser&quot; value=&quot;edge&quot;/&gt;
    &lt;classes&gt;
      &lt;class name=&quot;com.expedia.cucumber.TestRunner&quot;/&gt;
    &lt;/classes&gt;
  &lt;/test&gt; &lt;!-- CucumberTest --&gt;
  &lt;test thread-count=&quot;10&quot; name=&quot;DataDrivenTest&quot;&gt;
    &lt;parameter name=&quot;browser&quot; value=&quot;chrome&quot;/&gt;
    &lt;classes&gt;
      &lt;class name=&quot;com.expedia.Tests.HomePageTest&quot;/&gt;
    &lt;/classes&gt;
  &lt;/test&gt; &lt;!-- DataDrivenTest --&gt;
&lt;/suite&gt; &lt;!-- ParallelTestSuite --&gt;
            </pre>
          </div> <!-- main-panel-content rounded-window-bottom -->
        </div> <!-- panel -->
        <div panel-name="testlist-ParallelTestSuite" class="panel">
          <div class="main-panel-header rounded-window-top">
            <span class="header-content">Tests for ParallelTestSuite</span>
          </div> <!-- main-panel-header rounded-window-top -->
          <div class="main-panel-content rounded-window-bottom">
            <ul>
              <li>
                <span class="test-name">FlightsTest (1 class)</span>
              </li>
              <li>
                <span class="test-name">PackageTest (1 class)</span>
              </li>
              <li>
                <span class="test-name">CarsTest (1 class)</span>
              </li>
              <li>
                <span class="test-name">CucumberTest (1 class)</span>
              </li>
              <li>
                <span class="test-name">DataDrivenTest (1 class)</span>
              </li>
            </ul>
          </div> <!-- main-panel-content rounded-window-bottom -->
        </div> <!-- panel -->
        <div panel-name="group-ParallelTestSuite" class="panel">
          <div class="main-panel-header rounded-window-top">
            <span class="header-content">Groups for ParallelTestSuite</span>
          </div> <!-- main-panel-header rounded-window-top -->
          <div class="main-panel-content rounded-window-bottom">
            <div class="test-group">
              <span class="test-group-name">cucumber</span>
              <br/>
              <div class="method-in-group">
                <span class="method-in-group-name">runScenario</span>
                <br/>
              </div> <!-- method-in-group -->
            </div> <!-- test-group -->
          </div> <!-- main-panel-content rounded-window-bottom -->
        </div> <!-- panel -->
        <div panel-name="times-ParallelTestSuite" class="panel">
          <div class="main-panel-header rounded-window-top">
            <span class="header-content">Times for ParallelTestSuite</span>
          </div> <!-- main-panel-header rounded-window-top -->
          <div class="main-panel-content rounded-window-bottom">
            <div class="times-div">
              <script type="text/javascript">
suiteTableInitFunctions.push('tableData_ParallelTestSuite');
function tableData_ParallelTestSuite() {
var data = new google.visualization.DataTable();
data.addColumn('number', 'Number');
data.addColumn('string', 'Method');
data.addColumn('string', 'Class');
data.addColumn('number', 'Time (ms)');
data.addRows(11);
data.setCell(0, 0, 0)
data.setCell(0, 1, 'runScenario')
data.setCell(0, 2, 'com.expedia.cucumber.TestRunner')
data.setCell(0, 3, 253679);
data.setCell(1, 0, 1)
data.setCell(1, 1, 'testTravelBlog')
data.setCell(1, 2, 'com.expedia.Tests.PackageTest')
data.setCell(1, 3, 120901);
data.setCell(2, 0, 2)
data.setCell(2, 1, 'runScenario')
data.setCell(2, 2, 'com.expedia.cucumber.TestRunner')
data.setCell(2, 3, 83062);
data.setCell(3, 0, 3)
data.setCell(3, 1, 'testDownloadApp')
data.setCell(3, 2, 'com.expedia.Tests.PackageTest')
data.setCell(3, 3, 81410);
data.setCell(4, 0, 4)
data.setCell(4, 1, 'runScenario')
data.setCell(4, 2, 'com.expedia.cucumber.TestRunner')
data.setCell(4, 3, 70507);
data.setCell(5, 0, 5)
data.setCell(5, 1, 'testSearchWithValidLocations')
data.setCell(5, 2, 'com.expedia.Tests.CarsTest')
data.setCell(5, 3, 58532);
data.setCell(6, 0, 6)
data.setCell(6, 1, 'checkCruiseWithInValidData')
data.setCell(6, 2, 'com.expedia.Tests.PackageTest')
data.setCell(6, 3, 40094);
data.setCell(7, 0, 7)
data.setCell(7, 1, 'testResultsWithFilters')
data.setCell(7, 2, 'com.expedia.Tests.CarsTest')
data.setCell(7, 3, 8553);
data.setCell(8, 0, 8)
data.setCell(8, 1, 'testSocialMediaHandle')
data.setCell(8, 2, 'com.expedia.Tests.PackageTest')
data.setCell(8, 3, 3256);
data.setCell(9, 0, 9)
data.setCell(9, 1, 'testResultsWithSort')
data.setCell(9, 2, 'com.expedia.Tests.CarsTest')
data.setCell(9, 3, 2830);
data.setCell(10, 0, 10)
data.setCell(10, 1, 'testCarTypeSearch')
data.setCell(10, 2, 'com.expedia.Tests.CarsTest')
data.setCell(10, 3, 692);
window.suiteTableData['ParallelTestSuite']= { tableData: data, tableDiv: 'times-div-ParallelTestSuite'}
return data;
}
              </script>
              <span class="suite-total-time">Total running time: 6 minutes</span>
              <div id="times-div-ParallelTestSuite">
              </div> <!-- times-div-ParallelTestSuite -->
            </div> <!-- times-div -->
          </div> <!-- main-panel-content rounded-window-bottom -->
        </div> <!-- panel -->
        <div panel-name="reporter-ParallelTestSuite" class="panel">
          <div class="main-panel-header rounded-window-top">
            <span class="header-content">Reporter output for ParallelTestSuite</span>
          </div> <!-- main-panel-header rounded-window-top -->
          <div class="main-panel-content rounded-window-bottom">
          </div> <!-- main-panel-content rounded-window-bottom -->
        </div> <!-- panel -->
        <div panel-name="ignored-methods-ParallelTestSuite" class="panel">
          <div class="main-panel-header rounded-window-top">
            <span class="header-content">0 ignored methods</span>
          </div> <!-- main-panel-header rounded-window-top -->
          <div class="main-panel-content rounded-window-bottom">
          </div> <!-- main-panel-content rounded-window-bottom -->
        </div> <!-- panel -->
        <div panel-name="chronological-ParallelTestSuite" class="panel">
          <div class="main-panel-header rounded-window-top">
            <span class="header-content">Methods in chronological order</span>
          </div> <!-- main-panel-header rounded-window-top -->
          <div class="main-panel-content rounded-window-bottom">
            <div class="chronological-class">
              <div class="chronological-class-name">com.expedia.Tests.FlightsTest</div> <!-- chronological-class-name -->
              <div class="configuration-suite before">
                <span class="method-name">initialsetup</span>
                <span class="method-start">0 ms</span>
              </div> <!-- configuration-suite before -->
            </div> <!-- chronological-class -->
            <div class="chronological-class">
              <div class="chronological-class-name">com.expedia.Tests.CarsTest</div> <!-- chronological-class-name -->
              <div class="configuration-suite before">
                <span class="method-name">initialsetup</span>
                <span class="method-start">413 ms</span>
              </div> <!-- configuration-suite before -->
            </div> <!-- chronological-class -->
            <div class="chronological-class">
              <div class="chronological-class-name">com.expedia.Tests.HomePageTest</div> <!-- chronological-class-name -->
              <div class="configuration-class before">
                <span class="method-name">beforeClass</span>
                <span class="method-start">455 ms</span>
              </div> <!-- configuration-class before -->
            </div> <!-- chronological-class -->
            <div class="chronological-class">
              <div class="chronological-class-name">com.expedia.Tests.FlightsTest</div> <!-- chronological-class-name -->
              <div class="configuration-class before">
                <span class="method-name">beforeClass(chrome)</span>
                <span class="method-start">455 ms</span>
              </div> <!-- configuration-class before -->
            </div> <!-- chronological-class -->
            <div class="chronological-class">
              <div class="chronological-class-name">com.expedia.Tests.PackageTest</div> <!-- chronological-class-name -->
              <div class="configuration-class before">
                <span class="method-name">beforeClass(edge)</span>
                <span class="method-start">455 ms</span>
              </div> <!-- configuration-class before -->
            </div> <!-- chronological-class -->
            <div class="chronological-class">
              <div class="chronological-class-name">com.expedia.cucumber.TestRunner</div> <!-- chronological-class-name -->
              <div class="configuration-class before">
                <span class="method-name">setUpClass(org.testng.TestRunner@15cafec7)</span>
                <span class="method-start">455 ms</span>
              </div> <!-- configuration-class before -->
            </div> <!-- chronological-class -->
            <div class="chronological-class">
              <div class="chronological-class-name">com.expedia.Tests.CarsTest</div> <!-- chronological-class-name -->
              <div class="configuration-class before">
                <span class="method-name">beforeClass(firefox)</span>
                <span class="method-start">455 ms</span>
              </div> <!-- configuration-class before -->
            </div> <!-- chronological-class -->
            <div class="chronological-class">
              <div class="chronological-class-name">com.expedia.cucumber.TestRunner</div> <!-- chronological-class-name -->
              <div class="test-method">
                <img src="failed.png">
                </img>
                <span class="method-name">runScenario("round trip search", "Search Flight")</span>
                <span class="method-start">892 ms</span>
              </div> <!-- test-method -->
            </div> <!-- chronological-class -->
            <div class="chronological-class">
              <div class="chronological-class-name">com.expedia.Tests.PackageTest</div> <!-- chronological-class-name -->
              <div class="test-method">
                <img src="failed.png">
                </img>
                <span class="method-name">testDownloadApp</span>
                <span class="method-start">78084 ms</span>
              </div> <!-- test-method -->
            </div> <!-- chronological-class -->
            <div class="chronological-class">
              <div class="chronological-class-name">com.expedia.Tests.HomePageTest</div> <!-- chronological-class-name -->
              <div class="test-method">
                <span class="method-name">moreTravelOptionDDTTest(Stays)</span>
                <span class="method-start">101698 ms</span>
              </div> <!-- test-method -->
              <div class="configuration-method after">
                <span class="method-name">postTestMethod([TestResult name=moreTravelOptionDDTTest status=SUCCESS method=HomePageTest.moreTravelOptionDDTTest(...)</span>
                <span class="method-start">102684 ms</span>
              </div> <!-- configuration-method after -->
            </div> <!-- chronological-class -->
            <div class="chronological-class">
              <div class="chronological-class-name">com.expedia.Tests.FlightsTest</div> <!-- chronological-class-name -->
              <div class="test-method">
                <span class="method-name">oneWaySearchTest</span>
                <span class="method-start">104449 ms</span>
              </div> <!-- test-method -->
            </div> <!-- chronological-class -->
            <div class="chronological-class">
              <div class="chronological-class-name">com.expedia.Tests.HomePageTest</div> <!-- chronological-class-name -->
              <div class="test-method">
                <span class="method-name">moreTravelOptionDDTTest(Flights)</span>
                <span class="method-start">106355 ms</span>
              </div> <!-- test-method -->
              <div class="configuration-method after">
                <span class="method-name">postTestMethod([TestResult name=moreTravelOptionDDTTest status=SUCCESS method=HomePageTest.moreTravelOptionDDTTest(...)</span>
                <span class="method-start">106521 ms</span>
              </div> <!-- configuration-method after -->
              <div class="test-method">
                <span class="method-name">moreTravelOptionDDTTest(Cars)</span>
                <span class="method-start">109936 ms</span>
              </div> <!-- test-method -->
              <div class="configuration-method after">
                <span class="method-name">postTestMethod([TestResult name=moreTravelOptionDDTTest status=SUCCESS method=HomePageTest.moreTravelOptionDDTTest(...)</span>
                <span class="method-start">110095 ms</span>
              </div> <!-- configuration-method after -->
              <div class="test-method">
                <span class="method-name">moreTravelOptionDDTTest(Packages)</span>
                <span class="method-start">113945 ms</span>
              </div> <!-- test-method -->
              <div class="configuration-method after">
                <span class="method-name">postTestMethod([TestResult name=moreTravelOptionDDTTest status=SUCCESS method=HomePageTest.moreTravelOptionDDTTest(...)</span>
                <span class="method-start">114162 ms</span>
              </div> <!-- configuration-method after -->
              <div class="test-method">
                <span class="method-name">moreTravelOptionDDTTest(Deals)</span>
                <span class="method-start">118811 ms</span>
              </div> <!-- test-method -->
              <div class="configuration-method after">
                <span class="method-name">postTestMethod([TestResult name=moreTravelOptionDDTTest status=SUCCESS method=HomePageTest.moreTravelOptionDDTTest(...)</span>
                <span class="method-start">119042 ms</span>
              </div> <!-- configuration-method after -->
              <div class="test-method">
                <span class="method-name">moreTravelOptionDDTTest(Groups & meetings)</span>
                <span class="method-start">123568 ms</span>
              </div> <!-- test-method -->
              <div class="configuration-method after">
                <span class="method-name">postTestMethod([TestResult name=moreTravelOptionDDTTest status=SUCCESS method=HomePageTest.moreTravelOptionDDTTest(...)</span>
                <span class="method-start">123683 ms</span>
              </div> <!-- configuration-method after -->
              <div class="test-method">
                <span class="method-name">moreTravelOptionDDTTest(Mobile)</span>
                <span class="method-start">127139 ms</span>
              </div> <!-- test-method -->
            </div> <!-- chronological-class -->
            <div class="chronological-class">
              <div class="chronological-class-name">com.expedia.Tests.CarsTest</div> <!-- chronological-class-name -->
              <div class="test-method">
                <img src="failed.png">
                </img>
                <span class="method-name">testSearchWithValidLocations</span>
                <span class="method-start">127290 ms</span>
              </div> <!-- test-method -->
            </div> <!-- chronological-class -->
            <div class="chronological-class">
              <div class="chronological-class-name">com.expedia.Tests.HomePageTest</div> <!-- chronological-class-name -->
              <div class="configuration-method after">
                <span class="method-name">postTestMethod([TestResult name=moreTravelOptionDDTTest status=SUCCESS method=HomePageTest.moreTravelOptionDDTTest(...)</span>
                <span class="method-start">127333 ms</span>
              </div> <!-- configuration-method after -->
              <div class="configuration-class after">
                <span class="method-name">destroy</span>
                <span class="method-start">130687 ms</span>
              </div> <!-- configuration-class after -->
            </div> <!-- chronological-class -->
            <div class="chronological-class">
              <div class="chronological-class-name">com.expedia.Tests.FlightsTest</div> <!-- chronological-class-name -->
              <div class="configuration-method after">
                <span class="method-name">postTestMethod([TestResult name=oneWaySearchTest status=SUCCESS method=FlightsTest.oneWaySearchTest()[pri:1, instan...)</span>
                <span class="method-start">134135 ms</span>
              </div> <!-- configuration-method after -->
              <div class="test-method">
                <span class="method-name">directFlightsTest</span>
                <span class="method-start">137519 ms</span>
              </div> <!-- test-method -->
              <div class="configuration-method after">
                <span class="method-name">postTestMethod([TestResult name=directFlightsTest status=SUCCESS method=FlightsTest.directFlightsTest()[pri:2, inst...)</span>
                <span class="method-start">137869 ms</span>
              </div> <!-- configuration-method after -->
              <div class="test-method">
                <span class="method-name">airlinesFilterTest</span>
                <span class="method-start">141286 ms</span>
              </div> <!-- test-method -->
              <div class="configuration-method after">
                <span class="method-name">postTestMethod([TestResult name=airlinesFilterTest status=SUCCESS method=FlightsTest.airlinesFilterTest()[pri:3, in...)</span>
                <span class="method-start">141749 ms</span>
              </div> <!-- configuration-method after -->
              <div class="test-method">
                <span class="method-name">sortFlightsLowToHighTest</span>
                <span class="method-start">145025 ms</span>
              </div> <!-- test-method -->
              <div class="configuration-method after">
                <span class="method-name">postTestMethod([TestResult name=sortFlightsLowToHighTest status=SUCCESS method=FlightsTest.sortFlightsLowToHighTest...)</span>
                <span class="method-start">147622 ms</span>
              </div> <!-- configuration-method after -->
              <div class="test-method">
                <img src="failed.png">
                </img>
                <span class="method-name">sortFlightsPopular</span>
                <span class="method-start">150965 ms</span>
              </div> <!-- test-method -->
            </div> <!-- chronological-class -->
            <div class="chronological-class">
              <div class="chronological-class-name">com.expedia.Tests.PackageTest</div> <!-- chronological-class-name -->
              <div class="configuration-method after">
                <span class="method-name">afterMethod([TestResult name=testDownloadApp status=FAILURE method=PackageTest.testDownloadApp()[pri:1, instance...)</span>
                <span class="method-start">159508 ms</span>
              </div> <!-- configuration-method after -->
              <div class="test-method">
                <img src="failed.png">
                </img>
                <span class="method-name">checkCruiseWithInValidData</span>
                <span class="method-start">163618 ms</span>
              </div> <!-- test-method -->
            </div> <!-- chronological-class -->
            <div class="chronological-class">
              <div class="chronological-class-name">com.expedia.Tests.CarsTest</div> <!-- chronological-class-name -->
              <div class="configuration-method after">
                <span class="method-name">postTestMethod([TestResult name=testSearchWithValidLocations status=FAILURE method=CarsTest.testSearchWithValidLoca...)</span>
                <span class="method-start">185830 ms</span>
              </div> <!-- configuration-method after -->
              <div class="test-method">
                <span class="method-name">testResultsWithFilters</span>
                <span class="method-start">190179 ms</span>
              </div> <!-- test-method -->
            </div> <!-- chronological-class -->
            <div class="chronological-class">
              <div class="chronological-class-name">com.expedia.Tests.FlightsTest</div> <!-- chronological-class-name -->
              <div class="configuration-method after">
                <span class="method-name">postTestMethod([TestResult name=sortFlightsPopular status=FAILURE method=FlightsTest.sortFlightsPopular()[pri:5, in...)</span>
                <span class="method-start">191246 ms</span>
              </div> <!-- configuration-method after -->
              <div class="test-method">
                <span class="method-name">skipFlightsPopular</span>
                <span class="method-start">194486 ms</span>
              </div> <!-- test-method -->
              <div class="configuration-class after">
                <span class="method-name">destroy</span>
                <span class="method-start">194494 ms</span>
              </div> <!-- configuration-class after -->
            </div> <!-- chronological-class -->
            <div class="chronological-class">
              <div class="chronological-class-name">com.expedia.Tests.CarsTest</div> <!-- chronological-class-name -->
              <div class="configuration-method after">
                <span class="method-name">postTestMethod([TestResult name=testResultsWithFilters status=SUCCESS method=CarsTest.testResultsWithFilters()[pri:...)</span>
                <span class="method-start">198738 ms</span>
              </div> <!-- configuration-method after -->
              <div class="test-method">
                <span class="method-name">testResultsWithSort</span>
                <span class="method-start">201866 ms</span>
              </div> <!-- test-method -->
            </div> <!-- chronological-class -->
            <div class="chronological-class">
              <div class="chronological-class-name">com.expedia.Tests.PackageTest</div> <!-- chronological-class-name -->
              <div class="configuration-method after">
                <span class="method-name">afterMethod([TestResult name=checkCruiseWithInValidData status=FAILURE method=PackageTest.checkCruiseWithInValid...)</span>
                <span class="method-start">203723 ms</span>
              </div> <!-- configuration-method after -->
            </div> <!-- chronological-class -->
            <div class="chronological-class">
              <div class="chronological-class-name">com.expedia.Tests.CarsTest</div> <!-- chronological-class-name -->
              <div class="configuration-method after">
                <span class="method-name">postTestMethod([TestResult name=testResultsWithSort status=SUCCESS method=CarsTest.testResultsWithSort()[pri:3, ins...)</span>
                <span class="method-start">204706 ms</span>
              </div> <!-- configuration-method after -->
            </div> <!-- chronological-class -->
            <div class="chronological-class">
              <div class="chronological-class-name">com.expedia.Tests.PackageTest</div> <!-- chronological-class-name -->
              <div class="test-method">
                <img src="failed.png">
                </img>
                <span class="method-name">testTravelBlog</span>
                <span class="method-start">207249 ms</span>
              </div> <!-- test-method -->
            </div> <!-- chronological-class -->
            <div class="chronological-class">
              <div class="chronological-class-name">com.expedia.Tests.CarsTest</div> <!-- chronological-class-name -->
              <div class="test-method">
                <span class="method-name">testCarTypeSearch</span>
                <span class="method-start">207828 ms</span>
              </div> <!-- test-method -->
              <div class="configuration-method after">
                <span class="method-name">postTestMethod([TestResult name=testCarTypeSearch status=SUCCESS method=CarsTest.testCarTypeSearch()[pri:4, instanc...)</span>
                <span class="method-start">208523 ms</span>
              </div> <!-- configuration-method after -->
              <div class="configuration-class after">
                <span class="method-name">destroy</span>
                <span class="method-start">211738 ms</span>
              </div> <!-- configuration-class after -->
            </div> <!-- chronological-class -->
            <div class="chronological-class">
              <div class="chronological-class-name">com.expedia.cucumber.TestRunner</div> <!-- chronological-class-name -->
              <div class="test-method">
                <img src="failed.png">
                </img>
                <span class="method-name">runScenario("Provide Feedback", "User Feedback on Expedia.co.in")</span>
                <span class="method-start">254602 ms</span>
              </div> <!-- test-method -->
            </div> <!-- chronological-class -->
            <div class="chronological-class">
              <div class="chronological-class-name">com.expedia.Tests.PackageTest</div> <!-- chronological-class-name -->
              <div class="configuration-method after">
                <span class="method-name">afterMethod([TestResult name=testTravelBlog status=FAILURE method=PackageTest.testTravelBlog()[pri:3, instance:c...)</span>
                <span class="method-start">328158 ms</span>
              </div> <!-- configuration-method after -->
              <div class="test-method">
                <span class="method-name">testSocialMediaHandle</span>
                <span class="method-start">331451 ms</span>
              </div> <!-- test-method -->
              <div class="configuration-method after">
                <span class="method-name">afterMethod([TestResult name=testSocialMediaHandle status=SUCCESS method=PackageTest.testSocialMediaHandle()[pri...)</span>
                <span class="method-start">334711 ms</span>
              </div> <!-- configuration-method after -->
            </div> <!-- chronological-class -->
            <div class="chronological-class">
              <div class="chronological-class-name">com.expedia.cucumber.TestRunner</div> <!-- chronological-class-name -->
              <div class="test-method">
                <img src="failed.png">
                </img>
                <span class="method-name">runScenario("User clicks on Support", "User clicks on Support and sees Cancel a Trip button")</span>
                <span class="method-start">337668 ms</span>
              </div> <!-- test-method -->
            </div> <!-- chronological-class -->
            <div class="chronological-class">
              <div class="chronological-class-name">com.expedia.Tests.PackageTest</div> <!-- chronological-class-name -->
              <div class="configuration-class after">
                <span class="method-name">destroy</span>
                <span class="method-start">337999 ms</span>
              </div> <!-- configuration-class after -->
            </div> <!-- chronological-class -->
            <div class="chronological-class">
              <div class="chronological-class-name">com.expedia.cucumber.TestRunner</div> <!-- chronological-class-name -->
              <div class="configuration-class after">
                <span class="method-name">tearDownClass</span>
                <span class="method-start">408180 ms</span>
              </div> <!-- configuration-class after -->
            </div> <!-- chronological-class -->
            <div class="chronological-class">
              <div class="chronological-class-name">com.expedia.Tests.FlightsTest</div> <!-- chronological-class-name -->
              <div class="configuration-suite after">
                <span class="method-name">finaltest</span>
                <span class="method-start">415840 ms</span>
              </div> <!-- configuration-suite after -->
            </div> <!-- chronological-class -->
            <div class="chronological-class">
              <div class="chronological-class-name">com.expedia.Tests.CarsTest</div> <!-- chronological-class-name -->
              <div class="configuration-suite after">
                <span class="method-name">finaltest</span>
                <span class="method-start">416584 ms</span>
              </div> <!-- configuration-suite after -->
          </div> <!-- main-panel-content rounded-window-bottom -->
        </div> <!-- panel -->
      </div> <!-- main-panel-root -->
    </div> <!-- wrapper -->
  </body>
</html>
